2020-04-26 17:02:59 pid:6407 Workerman[start.php] restart 
2020-04-26 17:02:59 pid:6407 Workerman[start.php] is stopping ...
2020-04-26 17:02:59 pid:6407 Workerman[start.php] stop success
2020-04-26 17:22:46 pid:6452 Workerman[start.php] restart 
2020-04-26 17:22:46 pid:6452 Workerman[start.php] is stopping ...
2020-04-26 17:22:46 pid:6409 Workerman[start.php] stopping ...
2020-04-26 17:22:46 pid:6409 Workerman[start.php] has been stopped
2020-04-26 17:22:46 pid:6452 Workerman[start.php] stop success
2020-04-26 17:23:43 pid:6452 Workerman[start.php] stopping ...
2020-04-26 17:23:43 pid:6452 Workerman[start.php] has been stopped
2020-04-26 17:23:45 pid:6460 Workerman[start.php] restart 
2020-04-26 17:23:45 pid:6460 Workerman[start.php] is stopping ...
2020-04-26 17:23:45 pid:6460 Workerman[start.php] stop success
2020-04-26 17:30:02 pid:6481 Workerman[start.php] restart 
2020-04-26 17:30:02 pid:6481 Workerman[start.php] is stopping ...
2020-04-26 17:30:02 pid:6462 Workerman[start.php] stopping ...
2020-04-26 17:30:02 pid:6462 Workerman[start.php] has been stopped
2020-04-26 17:30:02 pid:6481 Workerman[start.php] stop success
2020-04-26 17:41:52 pid:6526 Workerman[start.php] restart 
2020-04-26 17:41:52 pid:6526 Workerman[start.php] is stopping ...
2020-04-26 17:41:52 pid:6484 Workerman[start.php] stopping ...
2020-04-26 17:41:52 pid:6484 Workerman[start.php] has been stopped
2020-04-26 17:41:52 pid:6526 Workerman[start.php] stop success
2020-04-27 18:16:50 pid:10394 Workerman[start.php] restart 
2020-04-27 18:16:50 pid:10394 Workerman[start.php] is stopping ...
2020-04-27 18:16:50 pid:6528 Workerman[start.php] stopping ...
2020-04-27 18:16:50 pid:6528 Workerman[start.php] has been stopped
2020-04-27 18:16:50 pid:10394 Workerman[start.php] stop success
2020-04-27 18:39:22 pid:10521 Workerman[start.php] restart 
2020-04-27 18:39:22 pid:10521 Workerman[start.php] is stopping ...
2020-04-27 18:39:22 pid:10398 Workerman[start.php] stopping ...
2020-04-27 18:39:22 pid:10398 Workerman[start.php] has been stopped
2020-04-27 18:39:22 pid:10521 Workerman[start.php] stop success
2020-04-28 12:41:46 pid:13372 Workerman[start.php] restart 
2020-04-28 12:41:46 pid:13372 Workerman[start.php] is stopping ...
2020-04-28 12:41:46 pid:10523 Workerman[start.php] stopping ...
2020-04-28 12:41:46 pid:10523 Workerman[start.php] has been stopped
2020-04-28 12:41:46 pid:13372 Workerman[start.php] stop success
2020-04-28 12:43:08 pid:13386 Workerman[start.php] restart 
2020-04-28 12:43:08 pid:13386 Workerman[start.php] is stopping ...
2020-04-28 12:43:08 pid:13376 Workerman[start.php] stopping ...
2020-04-28 12:43:08 pid:13376 Workerman[start.php] has been stopped
2020-04-28 12:43:08 pid:13386 Workerman[start.php] stop success
2020-04-28 12:43:18 pid:13388 Worker[13388] process terminated
2020-04-28 12:43:26 pid:13386 Workerman[start.php] stopping ...
2020-04-28 12:43:26 pid:13386 Workerman[start.php] has been stopped
2020-04-28 12:44:29 pid:13395 Workerman[start.php] restart 
2020-04-28 12:44:29 pid:13395 Workerman[start.php] is stopping ...
2020-04-28 12:44:29 pid:13395 Workerman[start.php] stop success
2020-04-28 16:35:17 pid:14245 Workerman[start.php] restart 
2020-04-28 16:35:17 pid:14245 Workerman[start.php] is stopping ...
2020-04-28 16:35:17 pid:13397 Workerman[start.php] stopping ...
2020-04-28 16:35:17 pid:13397 Workerman[start.php] has been stopped
2020-04-28 16:35:17 pid:14245 Workerman[start.php] stop success
2020-04-30 15:17:21 pid:21675 Workerman[start.php] restart 
2020-04-30 15:17:21 pid:21675 Workerman[start.php] is stopping ...
2020-04-30 15:17:21 pid:14247 Workerman[start.php] stopping ...
2020-04-30 15:17:21 pid:14247 Workerman[start.php] has been stopped
2020-04-30 15:17:21 pid:21675 Workerman[start.php] stop success
2020-04-30 17:51:09 pid:22167 Workerman[start.php] restart 
2020-04-30 17:51:09 pid:22167 Workerman[start.php] is stopping ...
2020-04-30 17:51:09 pid:21679 Workerman[start.php] stopping ...
2020-04-30 17:51:09 pid:21679 Workerman[start.php] has been stopped
2020-04-30 17:51:09 pid:22167 Workerman[start.php] stop success
2020-04-30 18:18:20 pid:22262 Workerman[start.php] restart 
2020-04-30 18:18:20 pid:22262 Workerman[start.php] is stopping ...
2020-04-30 18:18:20 pid:22170 Workerman[start.php] stopping ...
2020-04-30 18:18:20 pid:22170 Workerman[start.php] has been stopped
2020-04-30 18:18:20 pid:22262 Workerman[start.php] stop success
2020-05-03 10:14:37 pid:32645 Workerman[start.php] restart 
2020-05-03 10:14:37 pid:32645 Workerman[start.php] is stopping ...
2020-05-03 10:14:37 pid:22264 Workerman[start.php] stopping ...
2020-05-03 10:14:37 pid:22264 Workerman[start.php] has been stopped
2020-05-03 10:14:37 pid:32645 Workerman[start.php] stop success
2020-05-03 10:14:52 pid:32645 Workerman[start.php] stopping ...
2020-05-03 10:14:52 pid:32645 Workerman[start.php] has been stopped
2020-05-03 10:14:55 pid:32648 Workerman[start.php] restart 
2020-05-03 10:14:55 pid:32648 Workerman[start.php] is stopping ...
2020-05-03 10:14:55 pid:32648 Workerman[start.php] stop success
2020-05-03 10:20:06 pid:32689 Workerman[start.php] restart 
2020-05-03 10:20:06 pid:32689 Workerman[start.php] is stopping ...
2020-05-03 10:20:06 pid:32650 Workerman[start.php] stopping ...
2020-05-03 10:20:06 pid:32650 Workerman[start.php] has been stopped
2020-05-03 10:20:06 pid:32689 Workerman[start.php] stop success
2020-05-03 17:25:57 pid:1416 Workerman[start.php] restart 
2020-05-03 17:25:57 pid:1416 Workerman[start.php] is stopping ...
2020-05-03 17:25:57 pid:32691 Workerman[start.php] stopping ...
2020-05-03 17:25:57 pid:32691 Workerman[start.php] has been stopped
2020-05-03 17:25:57 pid:1416 Workerman[start.php] stop success
2020-05-03 17:26:03 pid:1420 Worker[1420] process terminated
2020-05-03 17:26:12 pid:1416 Workerman[start.php] stopping ...
2020-05-03 17:26:12 pid:1416 Workerman[start.php] has been stopped
2020-05-03 17:26:37 pid:1424 Workerman[start.php] restart 
2020-05-03 17:26:37 pid:1424 Workerman[start.php] is stopping ...
2020-05-03 17:26:37 pid:1424 Workerman[start.php] stop success
2020-05-03 17:33:46 pid:1478 Workerman[start.php] restart 
2020-05-03 17:33:46 pid:1478 Workerman[start.php] is stopping ...
2020-05-03 17:33:46 pid:1426 Workerman[start.php] stopping ...
2020-05-03 17:33:46 pid:1426 Workerman[start.php] has been stopped
2020-05-03 17:33:46 pid:1478 Workerman[start.php] stop success
2020-05-03 17:33:56 pid:1480 Worker[1480] process terminated
2020-05-03 17:34:24 pid:1479 Worker[1479] process terminated
2020-05-03 17:34:41 pid:1478 Workerman[start.php] stopping ...
2020-05-03 17:34:41 pid:1478 Workerman[start.php] has been stopped
2020-05-03 17:34:59 pid:1485 Workerman[start.php] restart 
2020-05-03 17:34:59 pid:1485 Workerman[start.php] is stopping ...
2020-05-03 17:34:59 pid:1485 Workerman[start.php] stop success
2020-05-07 10:44:18 pid:15712 Workerman[start.php] restart 
2020-05-07 10:44:18 pid:15712 Workerman[start.php] is stopping ...
2020-05-07 10:44:18 pid:1487 Workerman[start.php] stopping ...
2020-05-07 10:44:18 pid:1487 Workerman[start.php] has been stopped
2020-05-07 10:44:18 pid:15712 Workerman[start.php] stop success
2020-05-08 17:50:13 pid:20896 Workerman[start.php] restart 
2020-05-08 17:50:13 pid:20896 Workerman[start.php] is stopping ...
2020-05-08 17:50:13 pid:15714 Workerman[start.php] stopping ...
2020-05-08 17:50:13 pid:15714 Workerman[start.php] has been stopped
2020-05-08 17:50:13 pid:20896 Workerman[start.php] stop success
2020-05-08 18:02:07 pid:20963 Workerman[start.php] restart 
2020-05-08 18:02:07 pid:20963 Workerman[start.php] is stopping ...
2020-05-08 18:02:07 pid:20898 Workerman[start.php] stopping ...
2020-05-08 18:02:07 pid:20898 Workerman[start.php] has been stopped
2020-05-08 18:02:07 pid:20963 Workerman[start.php] stop success
2020-05-08 18:11:24 pid:20988 Workerman[start.php] restart 
2020-05-08 18:11:24 pid:20988 Workerman[start.php] is stopping ...
2020-05-08 18:11:24 pid:20965 Workerman[start.php] stopping ...
2020-05-08 18:11:24 pid:20965 Workerman[start.php] has been stopped
2020-05-08 18:11:24 pid:20988 Workerman[start.php] stop success
2020-05-08 18:21:07 pid:21023 Workerman[start.php] restart 
2020-05-08 18:21:07 pid:21023 Workerman[start.php] is stopping ...
2020-05-08 18:21:07 pid:20990 Workerman[start.php] stopping ...
2020-05-08 18:21:07 pid:20990 Workerman[start.php] has been stopped
2020-05-08 18:21:07 pid:21023 Workerman[start.php] stop success
2020-05-08 18:21:11 pid:21025 Worker[21025] process terminated
2020-05-08 18:21:22 pid:21024 Worker[21024] process terminated
2020-05-08 18:21:45 pid:21023 Workerman[start.php] stopping ...
2020-05-08 18:21:45 pid:21023 Workerman[start.php] has been stopped
2020-05-08 18:21:59 pid:21032 Workerman[start.php] restart 
2020-05-08 18:21:59 pid:21032 Workerman[start.php] is stopping ...
2020-05-08 18:21:59 pid:21032 Workerman[start.php] stop success
2020-05-08 18:28:35 pid:21054 Workerman[start.php] restart 
2020-05-08 18:28:35 pid:21054 Workerman[start.php] is stopping ...
2020-05-08 18:28:35 pid:21034 Workerman[start.php] stopping ...
2020-05-08 18:28:35 pid:21034 Workerman[start.php] has been stopped
2020-05-08 18:28:35 pid:21054 Workerman[start.php] stop success
2020-05-08 18:33:29 pid:21084 Workerman[start.php] restart 
2020-05-08 18:33:29 pid:21084 Workerman[start.php] is stopping ...
2020-05-08 18:33:29 pid:21056 Workerman[start.php] stopping ...
2020-05-08 18:33:29 pid:21056 Workerman[start.php] has been stopped
2020-05-08 18:33:29 pid:21084 Workerman[start.php] stop success
2020-05-08 18:34:13 pid:21090 Workerman[start.php] restart 
2020-05-08 18:34:13 pid:21090 Workerman[start.php] is stopping ...
2020-05-08 18:34:13 pid:21086 Workerman[start.php] stopping ...
2020-05-08 18:34:13 pid:21086 Workerman[start.php] has been stopped
2020-05-08 18:34:13 pid:21090 Workerman[start.php] stop success
2020-05-08 18:43:11 pid:21156 Workerman[start.php] restart 
2020-05-08 18:43:11 pid:21156 Workerman[start.php] is stopping ...
2020-05-08 18:43:11 pid:21092 Workerman[start.php] stopping ...
2020-05-08 18:43:11 pid:21092 Workerman[start.php] has been stopped
2020-05-08 18:43:11 pid:21156 Workerman[start.php] stop success
2020-05-12 10:50:23 pid:3182 Workerman[start.php] restart 
2020-05-12 10:50:23 pid:3182 Workerman[start.php] is stopping ...
2020-05-12 10:50:23 pid:21158 Workerman[start.php] stopping ...
2020-05-12 10:50:23 pid:21158 Workerman[start.php] has been stopped
2020-05-12 10:50:23 pid:3182 Workerman[start.php] stop success
2020-05-13 12:19:12 pid:7379 Workerman[start.php] restart 
2020-05-13 12:19:12 pid:7379 Workerman[start.php] is stopping ...
2020-05-13 12:19:12 pid:3184 Workerman[start.php] stopping ...
2020-05-13 12:19:12 pid:3184 Workerman[start.php] has been stopped
2020-05-13 12:19:12 pid:7379 Workerman[start.php] stop success
2020-05-21 14:31:01 pid:6230 Workerman[start.php] restart 
2020-05-21 14:31:01 pid:6230 Workerman[start.php] is stopping ...
2020-05-21 14:31:01 pid:7383 Workerman[start.php] stopping ...
2020-05-21 14:31:01 pid:7383 Workerman[start.php] has been stopped
2020-05-21 14:31:01 pid:6230 Workerman[start.php] stop success
2020-05-21 15:50:53 pid:6520 Workerman[start.php] restart 
2020-05-21 15:50:53 pid:6520 Workerman[start.php] is stopping ...
2020-05-21 15:50:53 pid:6234 Workerman[start.php] stopping ...
2020-05-21 15:50:53 pid:6234 Workerman[start.php] has been stopped
2020-05-21 15:50:53 pid:6520 Workerman[start.php] stop success
2020-05-31 12:45:22 pid:11325 Workerman[start.php] restart 
2020-05-31 12:45:22 pid:11325 Workerman[start.php] is stopping ...
2020-05-31 12:45:22 pid:6524 Workerman[start.php] stopping ...
2020-05-31 12:45:22 pid:6524 Workerman[start.php] has been stopped
2020-05-31 12:45:22 pid:11325 Workerman[start.php] stop success
2020-05-31 14:34:20 pid:11659 Workerman[start.php] status 
2020-05-31 14:40:40 pid:11717 Workerman[start.php] restart 
2020-05-31 14:40:40 pid:11717 Workerman[start.php] is stopping ...
2020-05-31 14:40:40 pid:11327 Workerman[start.php] stopping ...
2020-05-31 14:40:40 pid:11327 Workerman[start.php] has been stopped
2020-05-31 14:40:40 pid:11717 Workerman[start.php] stop success
2020-06-30 12:26:08 pid:31099 Workerman[start.php] restart 
2020-06-30 12:26:08 pid:31099 Workerman[start.php] is stopping ...
2020-06-30 12:26:08 pid:11719 Workerman[start.php] stopping ...
2020-06-30 12:26:08 pid:11719 Workerman[start.php] has been stopped
2020-06-30 12:26:08 pid:31099 Workerman[start.php] stop success
2020-06-30 15:09:47 pid:31591 Workerman[start.php] restart 
2020-06-30 15:09:47 pid:31591 Workerman[start.php] is stopping ...
2020-06-30 15:09:47 pid:31101 Workerman[start.php] stopping ...
2020-06-30 15:09:47 pid:31101 Workerman[start.php] has been stopped
2020-06-30 15:09:47 pid:31591 Workerman[start.php] stop success
2020-07-10 17:05:11 pid:4493 Workerman[start.php] restart 
2020-07-10 17:05:11 pid:4493 Workerman[start.php] is stopping ...
2020-07-10 17:05:11 pid:31593 Workerman[start.php] stopping ...
2020-07-10 17:05:11 pid:31593 Workerman[start.php] has been stopped
2020-07-10 17:05:11 pid:4493 Workerman[start.php] stop success
2020-07-10 18:52:15 pid:5888 Workerman[start.php] restart 
2020-07-10 18:52:15 pid:5888 Workerman[start.php] is stopping ...
2020-07-10 18:52:15 pid:4497 Workerman[start.php] stopping ...
2020-07-10 18:52:15 pid:4497 Workerman[start.php] has been stopped
2020-07-10 18:52:15 pid:5888 Workerman[start.php] stop success
2020-07-10 18:52:30 pid:5888 Workerman[start.php] stopping ...
2020-07-10 18:52:30 pid:5888 Workerman[start.php] has been stopped
2020-07-10 18:52:43 pid:5904 Workerman[start.php] restart 
2020-07-10 18:52:43 pid:5904 Workerman[start.php] is stopping ...
2020-07-10 18:52:43 pid:5904 Workerman[start.php] stop success
2020-07-10 18:53:54 pid:5928 Workerman[start.php] restart 
2020-07-10 18:53:54 pid:5928 Workerman[start.php] is stopping ...
2020-07-10 18:53:54 pid:5906 Workerman[start.php] stopping ...
2020-07-10 18:53:54 pid:5906 Workerman[start.php] has been stopped
2020-07-10 18:53:54 pid:5928 Workerman[start.php] stop success
2020-07-10 19:01:43 pid:6054 Workerman[start.php] restart 
2020-07-10 19:01:43 pid:6054 Workerman[start.php] is stopping ...
2020-07-10 19:01:43 pid:5930 Workerman[start.php] stopping ...
2020-07-10 19:01:43 pid:5930 Workerman[start.php] has been stopped
2020-07-10 19:01:43 pid:6054 Workerman[start.php] stop success
2020-07-10 19:04:44 pid:6122 Workerman[start.php] restart 
2020-07-10 19:04:44 pid:6122 Workerman[start.php] is stopping ...
2020-07-10 19:04:44 pid:6056 Workerman[start.php] stopping ...
2020-07-10 19:04:44 pid:6056 Workerman[start.php] has been stopped
2020-07-10 19:04:44 pid:6122 Workerman[start.php] stop success
2020-07-13 12:30:59 pid:29604 Workerman[start.php] restart 
2020-07-13 12:30:59 pid:29604 Workerman[start.php] is stopping ...
2020-07-13 12:30:59 pid:6124 Workerman[start.php] stopping ...
2020-07-13 12:30:59 pid:6124 Workerman[start.php] has been stopped
2020-07-13 12:30:59 pid:29604 Workerman[start.php] stop success
2020-07-13 12:34:09 pid:29653 Workerman[start.php] restart 
2020-07-13 12:34:09 pid:29653 Workerman[start.php] is stopping ...
2020-07-13 12:34:09 pid:29606 Workerman[start.php] stopping ...
2020-07-13 12:34:09 pid:29606 Workerman[start.php] has been stopped
2020-07-13 12:34:09 pid:29653 Workerman[start.php] stop success
2020-07-22 11:01:23 pid:14285 Workerman[start.php] restart 
2020-07-22 11:01:23 pid:14285 Workerman[start.php] is stopping ...
2020-07-22 11:01:23 pid:29655 Workerman[start.php] stopping ...
2020-07-22 11:01:23 pid:29655 Workerman[start.php] has been stopped
2020-07-22 11:01:23 pid:14285 Workerman[start.php] stop success
2020-08-20 12:31:14 pid:13904 Workerman[start.php] restart 
2020-08-20 12:31:14 pid:13904 Workerman[start.php] is stopping ...
2020-08-20 12:31:14 pid:14287 Workerman[start.php] stopping ...
2020-08-20 12:31:14 pid:14287 Workerman[start.php] has been stopped
2020-08-20 12:31:14 pid:13904 Workerman[start.php] stop success
2020-08-21 09:28:29 pid:17134 Workerman[start.php] restart 
2020-08-21 09:28:29 pid:17134 Workerman[start.php] is stopping ...
2020-08-21 09:28:29 pid:13908 Workerman[start.php] stopping ...
2020-08-21 09:28:29 pid:13908 Workerman[start.php] has been stopped
2020-08-21 09:28:29 pid:17134 Workerman[start.php] stop success
